{"total": {"lines":{"total":183,"covered":171,"skipped":0,"pct":93.44},"statements":{"total":231,"covered":197,"skipped":0,"pct":85.28},"functions":{"total":19,"covered":17,"skipped":0,"pct":89.47},"branches":{"total":256,"covered":215,"skipped":0,"pct":83.98},"branchesTrue":{"total":0,"covered":0,"skipped":0,"pct":"Unknown"}}
,"/Users/carolinesales/lumi/src/lib/motor.js": {"lines":{"total":183,"covered":171,"skipped":0,"pct":93.44},"functions":{"total":19,"covered":17,"skipped":0,"pct":89.47},"statements":{"total":231,"covered":197,"skipped":0,"pct":85.28},"branches":{"total":256,"covered":215,"skipped":0,"pct":83.98}}
}
